<?xml version="1.0" encoding="UTF-8"?>
<robot generator="Robot 3.2.2 (Python 3.11.0 on win32)" generated="20221128 10:19:27.256" rpa="false">
<suite id="s1" name="RobotPractise" source="C:\Users\EICPL02-L225\eclipse-workspace\RobotPractise">
<suite id="s1-s1" name="TestSuite" source="C:\Users\EICPL02-L225\eclipse-workspace\RobotPractise\TestSuite">
<suite id="s1-s1-s1" name="ScrollingTest" source="C:\Users\EICPL02-L225\eclipse-workspace\RobotPractise\TestSuite\ScrollingTest.robot">
<test id="s1-s1-s1-t1" name="ScrollingTest">
<kw name="Open Browser" library="SeleniumLibrary">
<doc>Opens a new browser instance to the optional ``url``.</doc>
<arguments>
<arg>https://www.boldtuesday.com/pages/alphabetical-list-of-all-countries-and-capitals-shown-on-list-of-countries-poster</arg>
<arg>chrome</arg>
</arguments>
<msg timestamp="20221128 10:19:27.476" level="INFO">Opening browser 'chrome' to base url 'https://www.boldtuesday.com/pages/alphabetical-list-of-all-countries-and-capitals-shown-on-list-of-countries-poster'.</msg>
<status status="PASS" starttime="20221128 10:19:27.475" endtime="20221128 10:19:31.045"></status>
</kw>
<kw name="Maximize Browser Window" library="SeleniumLibrary">
<doc>Maximizes current browser window.</doc>
<status status="PASS" starttime="20221128 10:19:31.046" endtime="20221128 10:19:31.185"></status>
</kw>
<kw name="Sleep" library="BuiltIn">
<doc>Pauses the test executed for the given time.</doc>
<arguments>
<arg>4</arg>
</arguments>
<msg timestamp="20221128 10:19:35.186" level="INFO">Slept 4 seconds</msg>
<status status="PASS" starttime="20221128 10:19:31.185" endtime="20221128 10:19:35.187"></status>
</kw>
<kw name="Execute Javascript" library="SeleniumLibrary">
<doc>Executes the given JavaScript code with possible arguments.</doc>
<arguments>
<arg>window.scrollTo(0, document.body.scrollHeight)</arg>
</arguments>
<msg timestamp="20221128 10:19:35.189" level="INFO">Executing JavaScript:
window.scrollTo(0, document.body.scrollHeight)
Without any arguments.</msg>
<status status="PASS" starttime="20221128 10:19:35.188" endtime="20221128 10:19:35.211"></status>
</kw>
<kw name="Sleep" library="BuiltIn">
<doc>Pauses the test executed for the given time.</doc>
<arguments>
<arg>4</arg>
</arguments>
<msg timestamp="20221128 10:19:39.213" level="INFO">Slept 4 seconds</msg>
<status status="PASS" starttime="20221128 10:19:35.211" endtime="20221128 10:19:39.214"></status>
</kw>
<kw name="Execute Javascript" library="SeleniumLibrary">
<doc>Executes the given JavaScript code with possible arguments.</doc>
<arguments>
<arg>window.scrollTo(0, -document.body.scrollHeight)</arg>
</arguments>
<msg timestamp="20221128 10:19:39.218" level="INFO">Executing JavaScript:
window.scrollTo(0, -document.body.scrollHeight)
Without any arguments.</msg>
<status status="PASS" starttime="20221128 10:19:39.215" endtime="20221128 10:19:39.244"></status>
</kw>
<kw name="Sleep" library="BuiltIn">
<doc>Pauses the test executed for the given time.</doc>
<arguments>
<arg>3</arg>
</arguments>
<msg timestamp="20221128 10:19:42.247" level="INFO">Slept 3 seconds</msg>
<status status="PASS" starttime="20221128 10:19:39.245" endtime="20221128 10:19:42.247"></status>
</kw>
<status status="PASS" starttime="20221128 10:19:27.474" endtime="20221128 10:19:42.247" critical="yes"></status>
</test>
<status status="PASS" starttime="20221128 10:19:27.321" endtime="20221128 10:19:42.248"></status>
</suite>
<status status="PASS" starttime="20221128 10:19:27.318" endtime="20221128 10:19:42.250"></status>
</suite>
<status status="PASS" starttime="20221128 10:19:27.306" endtime="20221128 10:19:42.251"></status>
</suite>
<statistics>
<total>
<stat pass="1" fail="0">Critical Tests</stat>
<stat pass="1" fail="0">All Tests</stat>
</total>
<tag>
</tag>
<suite>
<stat pass="1" fail="0" id="s1" name="RobotPractise">RobotPractise</stat>
<stat pass="1" fail="0" id="s1-s1" name="TestSuite">RobotPractise.TestSuite</stat>
<stat pass="1" fail="0" id="s1-s1-s1" name="ScrollingTest">RobotPractise.TestSuite.ScrollingTest</stat>
</suite>
</statistics>
<errors>
</errors>
</robot>
